[0610/220417.832:ERROR:process_reader_win.cc(123)] NtOpenThread: {Access Denied} A process has requested access to an object, but has not been granted those access rights. (0xc0000022)
[0610/220417.910:ERROR:process_reader_win.cc(123)] NtOpenThread: {Access Denied} A process has requested access to an object, but has not been granted those access rights. (0xc0000022)
[0610/220417.941:ERROR:process_reader_win.cc(123)] NtOpenThread: {Access Denied} A process has requested access to an object, but has not been granted those access rights. (0xc0000022)
[0610/220418.004:ERROR:process_reader_win.cc(123)] NtOpenThread: {Access Denied} A process has requested access to an object, but has not been granted those access rights. (0xc0000022)
[0610/220418.129:ERROR:exception_snapshot_win.cc(98)] thread ID 83772 not found in process
[0610/220418.129:ERROR:exception_snapshot_win.cc(98)] thread ID 12864 not found in process
[0610/220418.129:ERROR:exception_snapshot_win.cc(98)] thread ID 10348 not found in process
[0610/220418.129:ERROR:exception_snapshot_win.cc(98)] thread ID 8584 not found in process
[0610/220418.332:ERROR:process_reader_win.cc(123)] NtOpenThread: {Access Denied} A process has requested access to an object, but has not been granted those access rights. (0xc0000022)
[0610/220418.332:ERROR:exception_snapshot_win.cc(98)] thread ID 9960 not found in process
[0625/094010.151:ERROR:process_memory_win.cc(73)] ReadMemory at 0x1d66e33c2d0 of 72 bytes failed: Only part of a ReadProcessMemory or WriteProcessMemory request was completed. (0x12B)
[0625/094011.005:WARNING:pe_image_annotations_reader.cc(134)] could not read annotations list object in C:\Program Files (x86)\Google\Chrome\Application\83.0.4103.116\chrome_elf.dll
[0625/094011.005:ERROR:process_memory_win.cc(73)] ReadMemory at 0x7fff78810000 of 64 bytes failed: Only part of a ReadProcessMemory or WriteProcessMemory request was completed. (0x12B)
[0625/094011.005:WARNING:pe_image_reader.cc(340)] could not read dos header from C:\WINDOWS\SYSTEM32\VERSION.dll
[0625/094011.005:ERROR:process_memory_win.cc(73)] ReadMemory at 0x7fff854a0000 of 64 bytes failed: Only part of a ReadProcessMemory or WriteProcessMemory request was completed. (0x12B)
[0625/094011.005:WARNING:pe_image_reader.cc(340)] could not read dos header from C:\WINDOWS\System32\msvcrt.dll
[0625/094011.005:ERROR:process_memory_win.cc(73)] ReadMemory at 0x7fff83210000 of 64 bytes failed: Only part of a ReadProcessMemory or WriteProcessMemory request was completed. (0x12B)
[0625/094011.005:WARNING:pe_image_reader.cc(340)] could not read dos header from C:\WINDOWS\System32\bcryptPrimitives.dll
[0625/094011.005:ERROR:process_memory_win.cc(73)] ReadMemory at 0x7fff84fd0000 of 64 bytes failed: Only part of a ReadProcessMemory or WriteProcessMemory request was completed. (0x12B)
[0625/094011.005:WARNING:pe_image_reader.cc(340)] could not read dos header from C:\WINDOWS\System32\ADVAPI32.dll
[0625/094011.005:ERROR:process_memory_win.cc(73)] ReadMemory at 0x7fff84b20000 of 64 bytes failed: Only part of a ReadProcessMemory or WriteProcessMemory request was completed. (0x12B)
[0625/094011.005:WARNING:pe_image_reader.cc(340)] could not read dos header from C:\WINDOWS\System32\sechost.dll
[0625/094011.005:ERROR:process_memory_win.cc(73)] ReadMemory at 0x7fff84bc0000 of 64 bytes failed: Only part of a ReadProcessMemory or WriteProcessMemory request was completed. (0x12B)
[0625/094011.005:WARNING:pe_image_reader.cc(340)] could not read dos header from C:\WINDOWS\System32\RPCRT4.dll
[0625/094011.005:ERROR:process_memory_win.cc(73)] ReadMemory at 0x7fff31390000 of 64 bytes failed: Only part of a ReadProcessMemory or WriteProcessMemory request was completed. (0x12B)
[0625/094011.005:WARNING:pe_image_reader.cc(340)] could not read dos header from C:\Program Files (x86)\Google\Chrome\Application\83.0.4103.116\chrome.dll
[0625/094011.005:ERROR:process_memory_win.cc(73)] ReadMemory at 0x7fff85430000 of 64 bytes failed: Only part of a ReadProcessMemory or WriteProcessMemory request was completed. (0x12B)
[0625/094011.005:WARNING:pe_image_reader.cc(340)] could not read dos header from C:\WINDOWS\System32\WS2_32.dll
[0625/094011.301:ERROR:process_memory_win.cc(73)] ReadMemory at 0x7fff84ef0000 of 64 bytes failed: Only part of a ReadProcessMemory or WriteProcessMemory request was completed. (0x12B)
[0625/094011.301:WARNING:pe_image_reader.cc(340)] could not read dos header from C:\WINDOWS\System32\OLEAUT32.dll
[0625/094011.301:ERROR:process_memory_win.cc(73)] ReadMemory at 0x7fff84270000 of 64 bytes failed: Only part of a ReadProcessMemory or WriteProcessMemory request was completed. (0x12B)
[0625/094011.301:WARNING:pe_image_reader.cc(340)] could not read dos header from C:\WINDOWS\System32\msvcp_win.dll
[0625/094011.301:ERROR:process_memory_win.cc(73)] ReadMemory at 0x7fff84170000 of 64 bytes failed: Only part of a ReadProcessMemory or WriteProcessMemory request was completed. (0x12B)
[0625/094011.301:WARNING:pe_image_reader.cc(340)] could not read dos header from C:\WINDOWS\System32\ucrtbase.dll
[0625/094011.301:ERROR:process_memory_win.cc(73)] ReadMemory at 0x7fff84780000 of 64 bytes failed: Only part of a ReadProcessMemory or WriteProcessMemory request was completed. (0x12B)
[0625/094011.301:WARNING:pe_image_reader.cc(340)] could not read dos header from C:\WINDOWS\System32\combase.dll
[0625/094011.301:ERROR:process_memory_win.cc(73)] ReadMemory at 0x7fff840e0000 of 64 bytes failed: Only part of a ReadProcessMemory or WriteProcessMemory request was completed. (0x12B)
[0625/094011.301:WARNING:pe_image_reader.cc(340)] could not read dos header from C:\WINDOWS\System32\WINTRUST.dll
[0625/094011.301:ERROR:process_memory_win.cc(73)] ReadMemory at 0x7fff83180000 of 64 bytes failed: Only part of a ReadProcessMemory or WriteProcessMemory request was completed. (0x12B)
[0625/094011.301:WARNING:pe_image_reader.cc(340)] could not read dos header from C:\WINDOWS\System32\MSASN1.dll
[0625/094011.305:ERROR:process_memory_win.cc(73)] ReadMemory at 0x7fff83290000 of 64 bytes failed: Only part of a ReadProcessMemory or WriteProcessMemory request was completed. (0x12B)
[0625/094011.305:WARNING:pe_image_reader.cc(340)] could not read dos header from C:\WINDOWS\System32\CRYPT32.dll
[0625/094011.305:ERROR:process_memory_win.cc(73)] ReadMemory at 0x7fff826a0000 of 64 bytes failed: Only part of a ReadProcessMemory or WriteProcessMemory request was completed. (0x12B)
[0625/094011.305:WARNING:pe_image_reader.cc(340)] could not read dos header from C:\WINDOWS\SYSTEM32\IPHLPAPI.DLL
[0625/094011.305:ERROR:process_memory_win.cc(73)] ReadMemory at 0x7fff80500000 of 64 bytes failed: Only part of a ReadProcessMemory or WriteProcessMemory request was completed. (0x12B)
[0625/094011.305:WARNING:pe_image_reader.cc(340)] could not read dos header from C:\WINDOWS\SYSTEM32\WINMM.dll
[0625/094011.305:ERROR:process_memory_win.cc(73)] ReadMemory at 0x7fff6fe20000 of 64 bytes failed: Only part of a ReadProcessMemory or WriteProcessMemory request was completed. (0x12B)
[0625/094011.305:WARNING:pe_image_reader.cc(340)] could not read dos header from C:\WINDOWS\SYSTEM32\Secur32.dll
[0625/094011.305:ERROR:process_memory_win.cc(73)] ReadMemory at 0x7fff83040000 of 64 bytes failed: Only part of a ReadProcessMemory or WriteProcessMemory request was completed. (0x12B)
[0625/094011.305:WARNING:pe_image_reader.cc(340)] could not read dos header from C:\WINDOWS\SYSTEM32\USERENV.dll
[0625/094011.305:ERROR:process_memory_win.cc(73)] ReadMemory at 0x7fff83130000 of 64 bytes failed: Only part of a ReadProcessMemory or WriteProcessMemory request was completed. (0x12B)
[0625/094011.305:WARNING:pe_image_reader.cc(340)] could not read dos header from C:\WINDOWS\System32\profapi.dll
[0625/094011.305:ERROR:process_memory_win.cc(73)] ReadMemory at 0x7fff7a700000 of 64 bytes failed: Only part of a ReadProcessMemory or WriteProcessMemory request was completed. (0x12B)
[0625/094011.305:WARNING:pe_image_reader.cc(340)] could not read dos header from C:\WINDOWS\SYSTEM32\UIAutomationCore.DLL
[0625/094011.305:ERROR:process_memory_win.cc(73)] ReadMemory at 0x7fff754f0000 of 64 bytes failed: Only part of a ReadProcessMemory or WriteProcessMemory request was completed. (0x12B)
[0625/094011.305:WARNING:pe_image_reader.cc(340)] could not read dos header from C:\WINDOWS\SYSTEM32\DWrite.dll
[0625/094011.305:ERROR:process_memory_win.cc(73)] ReadMemory at 0x7fff73d10000 of 64 bytes failed: Only part of a ReadProcessMemory or WriteProcessMemory request was completed. (0x12B)
[0625/094011.305:WARNING:pe_image_reader.cc(340)] could not read dos header from C:\WINDOWS\SYSTEM32\WINSPOOL.DRV
[0625/094011.305:ERROR:process_memory_win.cc(73)] ReadMemory at 0x7fff83160000 of 64 bytes failed: Only part of a ReadProcessMemory or WriteProcessMemory request was completed. (0x12B)
[0625/094011.305:WARNING:pe_image_reader.cc(340)] could not read dos header from C:\WINDOWS\System32\kernel.appcore.dll
[0625/094011.305:ERROR:process_memory_win.cc(73)] ReadMemory at 0x7fff83690000 of 64 bytes failed: Only part of a ReadProcessMemory or WriteProcessMemory request was completed. (0x12B)
[0625/094011.305:WARNING:pe_image_reader.cc(340)] could not read dos header from C:\WINDOWS\System32\bcrypt.dll
[0625/094011.305:ERROR:process_memory_win.cc(73)] ReadMemory at 0x7fff81a00000 of 64 bytes failed: Only part of a ReadProcessMemory or WriteProcessMemory request was completed. (0x12B)
[0625/094011.305:WARNING:pe_image_reader.cc(340)] could not read dos header from C:\WINDOWS\SYSTEM32\dbghelp.dll
[0625/094011.305:ERROR:process_memory_win.cc(73)] ReadMemory at 0x7fff74200000 of 64 bytes failed: Only part of a ReadProcessMemory or WriteProcessMemory request was completed. (0x12B)
[0625/094011.305:WARNING:pe_image_reader.cc(340)] could not read dos header from C:\WINDOWS\SYSTEM32\WINHTTP.dll
[0625/094011.305:ERROR:process_memory_win.cc(73)] ReadMemory at 0x7fff78a30000 of 64 bytes failed: Only part of a ReadProcessMemory or WriteProcessMemory request was completed. (0x12B)
[0625/094011.305:WARNING:pe_image_reader.cc(340)] could not read dos header from C:\WINDOWS\SYSTEM32\dhcpcsvc.DLL
[0625/094011.305:ERROR:process_memory_win.cc(73)] ReadMemory at 0x7fff852e0000 of 64 bytes failed: Only part of a ReadProcessMemory or WriteProcessMemory request was completed. (0x12B)
[0625/094011.305:WARNING:pe_image_reader.cc(340)] could not read dos header from C:\WINDOWS\System32\NSI.dll
[0625/094011.305:ERROR:process_memory_win.cc(73)] ReadMemory at 0x7fff80070000 of 64 bytes failed: Only part of a ReadProcessMemory or WriteProcessMemory request was completed. (0x12B)
[0625/094011.305:WARNING:pe_image_reader.cc(340)] could not read dos header from C:\WINDOWS\SYSTEM32\WINMMBASE.dll
[0625/094011.305:ERROR:process_memory_win.cc(73)] ReadMemory at 0x7fff836c0000 of 64 bytes failed: Only part of a ReadProcessMemory or WriteProcessMemory request was completed. (0x12B)
[0625/094011.305:WARNING:pe_image_reader.cc(340)] could not read dos header from C:\WINDOWS\System32\cfgmgr32.dll
[0625/094011.305:ERROR:process_memory_win.cc(73)] ReadMemory at 0x7fff7f3e0000 of 64 bytes failed: Only part of a ReadProcessMemory or WriteProcessMemory request was completed. (0x12B)
[0625/094011.305:WARNING:pe_image_reader.cc(340)] could not read dos header from C:\WINDOWS\SYSTEM32\PROPSYS.dll
[0625/094011.305:ERROR:process_memory_win.cc(73)] ReadMemory at 0x7fff85080000 of 64 bytes failed: Only part of a ReadProcessMemory or WriteProcessMemory request was completed. (0x12B)
[0625/094011.305:WARNING:pe_image_reader.cc(340)] could not read dos header from C:\WINDOWS\System32\shcore.dll
[0625/094011.305:ERROR:process_memory_win.cc(73)] ReadMemory at 0x7fff83010000 of 64 bytes failed: Only part of a ReadProcessMemory or WriteProcessMemory request was completed. (0x12B)
[0625/094011.305:WARNING:pe_image_reader.cc(340)] could not read dos header from C:\WINDOWS\SYSTEM32\SSPICLI.DLL
[0625/094011.305:ERROR:process_memory_win.cc(73)] ReadMemory at 0x7fff82b60000 of 64 bytes failed: Only part of a ReadProcessMemory or WriteProcessMemory request was completed. (0x12B)
[0625/094011.305:WARNING:pe_image_reader.cc(340)] could not read dos header from C:\WINDOWS\SYSTEM32\CRYPTBASE.DLL
[0625/094011.345:ERROR:process_memory_win.cc(73)] ReadMemory at 0x7ff7cae60000 of 64 bytes failed: Only part of a ReadProcessMemory or WriteProcessMemory request was completed. (0x12B)
[0625/094011.345:WARNING:pe_image_reader.cc(340)] could not read dos header from C:\Program Files (x86)\Google\Chrome\Application\chrome.exe
[0625/094011.345:ERROR:process_memory_win.cc(73)] ReadMemory at 0x7fff86260000 of 64 bytes failed: Only part of a ReadProcessMemory or WriteProcessMemory request was completed. (0x12B)
[0625/094011.345:WARNING:pe_image_reader.cc(340)] could not read dos header from C:\WINDOWS\SYSTEM32\ntdll.dll
[0625/094011.345:ERROR:process_memory_win.cc(73)] ReadMemory at 0x7fff857a0000 of 64 bytes failed: Only part of a ReadProcessMemory or WriteProcessMemory request was completed. (0x12B)
[0625/094011.345:WARNING:pe_image_reader.cc(340)] could not read dos header from C:\WINDOWS\System32\KERNEL32.DLL
[0625/094011.345:ERROR:process_memory_win.cc(73)] ReadMemory at 0x7fff833e0000 of 64 bytes failed: Only part of a ReadProcessMemory or WriteProcessMemory request was completed. (0x12B)
[0625/094011.345:WARNING:pe_image_reader.cc(340)] could not read dos header from C:\WINDOWS\System32\KERNELBASE.dll
[0625/094011.345:ERROR:process_memory_win.cc(73)] ReadMemory at 0x7fff488b0000 of 64 bytes failed: Only part of a ReadProcessMemory or WriteProcessMemory request was completed. (0x12B)
[0625/094011.345:WARNING:pe_image_reader.cc(340)] could not read dos header from C:\Program Files (x86)\Google\Chrome\Application\83.0.4103.116\chrome_elf.dll
[0625/094011.345:ERROR:process_memory_win.cc(73)] ReadMemory at 0x7fff78810000 of 64 bytes failed: Only part of a ReadProcessMemory or WriteProcessMemory request was completed. (0x12B)
[0625/094011.345:WARNING:pe_image_reader.cc(340)] could not read dos header from C:\WINDOWS\SYSTEM32\VERSION.dll
[0625/094011.345:ERROR:process_memory_win.cc(73)] ReadMemory at 0x7fff854a0000 of 64 bytes failed: Only part of a ReadProcessMemory or WriteProcessMemory request was completed. (0x12B)
[0625/094011.345:WARNING:pe_image_reader.cc(340)] could not read dos header from C:\WINDOWS\System32\msvcrt.dll
[0625/094011.345:ERROR:process_memory_win.cc(73)] ReadMemory at 0x7fff83210000 of 64 bytes failed: Only part of a ReadProcessMemory or WriteProcessMemory request was completed. (0x12B)
[0625/094011.345:WARNING:pe_image_reader.cc(340)] could not read dos header from C:\WINDOWS\System32\bcryptPrimitives.dll
[0625/094011.345:ERROR:process_memory_win.cc(73)] ReadMemory at 0x7fff84fd0000 of 64 bytes failed: Only part of a ReadProcessMemory or WriteProcessMemory request was completed. (0x12B)
[0625/094011.345:WARNING:pe_image_reader.cc(340)] could not read dos header from C:\WINDOWS\System32\ADVAPI32.dll
[0625/094011.345:ERROR:process_memory_win.cc(73)] ReadMemory at 0x7fff84b20000 of 64 bytes failed: Only part of a ReadProcessMemory or WriteProcessMemory request was completed. (0x12B)
[0625/094011.345:WARNING:pe_image_reader.cc(340)] could not read dos header from C:\WINDOWS\System32\sechost.dll
[0625/094011.345:ERROR:process_memory_win.cc(73)] ReadMemory at 0x7fff84bc0000 of 64 bytes failed: Only part of a ReadProcessMemory or WriteProcessMemory request was completed. (0x12B)
[0625/094011.345:WARNING:pe_image_reader.cc(340)] could not read dos header from C:\WINDOWS\System32\RPCRT4.dll
[0625/094011.345:ERROR:process_memory_win.cc(73)] ReadMemory at 0x7fff31390000 of 64 bytes failed: Only part of a ReadProcessMemory or WriteProcessMemory request was completed. (0x12B)
[0625/094011.345:WARNING:pe_image_reader.cc(340)] could not read dos header from C:\Program Files (x86)\Google\Chrome\Application\83.0.4103.116\chrome.dll
[0625/094011.345:ERROR:process_memory_win.cc(73)] ReadMemory at 0x7fff85430000 of 64 bytes failed: Only part of a ReadProcessMemory or WriteProcessMemory request was completed. (0x12B)
[0625/094011.345:WARNING:pe_image_reader.cc(340)] could not read dos header from C:\WINDOWS\System32\WS2_32.dll
[0625/094011.345:ERROR:process_memory_win.cc(73)] ReadMemory at 0x7fff84ef0000 of 64 bytes failed: Only part of a ReadProcessMemory or WriteProcessMemory request was completed. (0x12B)
[0625/094011.357:WARNING:pe_image_reader.cc(340)] could not read dos header from C:\WINDOWS\System32\OLEAUT32.dll
[0625/094011.357:ERROR:process_memory_win.cc(73)] ReadMemory at 0x7fff84270000 of 64 bytes failed: Only part of a ReadProcessMemory or WriteProcessMemory request was completed. (0x12B)
[0625/094011.357:WARNING:pe_image_reader.cc(340)] could not read dos header from C:\WINDOWS\System32\msvcp_win.dll
[0625/094011.357:ERROR:process_memory_win.cc(73)] ReadMemory at 0x7fff84170000 of 64 bytes failed: Only part of a ReadProcessMemory or WriteProcessMemory request was completed. (0x12B)
[0625/094011.357:WARNING:pe_image_reader.cc(340)] could not read dos header from C:\WINDOWS\System32\ucrtbase.dll
[0625/094011.357:ERROR:process_memory_win.cc(73)] ReadMemory at 0x7fff84780000 of 64 bytes failed: Only part of a ReadProcessMemory or WriteProcessMemory request was completed. (0x12B)
[0625/094011.357:WARNING:pe_image_reader.cc(340)] could not read dos header from C:\WINDOWS\System32\combase.dll
[0625/094011.357:ERROR:process_memory_win.cc(73)] ReadMemory at 0x7fff840e0000 of 64 bytes failed: Only part of a ReadProcessMemory or WriteProcessMemory request was completed. (0x12B)
[0625/094011.357:WARNING:pe_image_reader.cc(340)] could not read dos header from C:\WINDOWS\System32\WINTRUST.dll
[0625/094011.357:ERROR:process_memory_win.cc(73)] ReadMemory at 0x7fff83180000 of 64 bytes failed: Only part of a ReadProcessMemory or WriteProcessMemory request was completed. (0x12B)
[0625/094011.357:WARNING:pe_image_reader.cc(340)] could not read dos header from C:\WINDOWS\System32\MSASN1.dll
[0625/094011.357:ERROR:process_memory_win.cc(73)] ReadMemory at 0x7fff83290000 of 64 bytes failed: Only part of a ReadProcessMemory or WriteProcessMemory request was completed. (0x12B)
[0625/094011.357:WARNING:pe_image_reader.cc(340)] could not read dos header from C:\WINDOWS\System32\CRYPT32.dll
[0625/094011.357:ERROR:process_memory_win.cc(73)] ReadMemory at 0x7fff826a0000 of 64 bytes failed: Only part of a ReadProcessMemory or WriteProcessMemory request was completed. (0x12B)
[0625/094011.357:WARNING:pe_image_reader.cc(340)] could not read dos header from C:\WINDOWS\SYSTEM32\IPHLPAPI.DLL
[0625/094011.357:ERROR:process_memory_win.cc(73)] ReadMemory at 0x7fff80500000 of 64 bytes failed: Only part of a ReadProcessMemory or WriteProcessMemory request was completed. (0x12B)
[0625/094011.357:WARNING:pe_image_reader.cc(340)] could not read dos header from C:\WINDOWS\SYSTEM32\WINMM.dll
[0625/094011.357:ERROR:process_memory_win.cc(73)] ReadMemory at 0x7fff6fe20000 of 64 bytes failed: Only part of a ReadProcessMemory or WriteProcessMemory request was completed. (0x12B)
[0625/094011.357:WARNING:pe_image_reader.cc(340)] could not read dos header from C:\WINDOWS\SYSTEM32\Secur32.dll
[0625/094011.357:ERROR:process_memory_win.cc(73)] ReadMemory at 0x7fff83040000 of 64 bytes failed: Only part of a ReadProcessMemory or WriteProcessMemory request was completed. (0x12B)
[0625/094011.357:WARNING:pe_image_reader.cc(340)] could not read dos header from C:\WINDOWS\SYSTEM32\USERENV.dll
[0625/094011.357:ERROR:process_memory_win.cc(73)] ReadMemory at 0x7fff83130000 of 64 bytes failed: Only part of a ReadProcessMemory or WriteProcessMemory request was completed. (0x12B)
[0625/094011.357:WARNING:pe_image_reader.cc(340)] could not read dos header from C:\WINDOWS\System32\profapi.dll
[0625/094011.357:ERROR:process_memory_win.cc(73)] ReadMemory at 0x7fff7a700000 of 64 bytes failed: Only part of a ReadProcessMemory or WriteProcessMemory request was completed. (0x12B)
[0625/094011.357:WARNING:pe_image_reader.cc(340)] could not read dos header from C:\WINDOWS\SYSTEM32\UIAutomationCore.DLL
[0625/094011.357:ERROR:process_memory_win.cc(73)] ReadMemory at 0x7fff754f0000 of 64 bytes failed: Only part of a ReadProcessMemory or WriteProcessMemory request was completed. (0x12B)
[0625/094011.357:WARNING:pe_image_reader.cc(340)] could not read dos header from C:\WINDOWS\SYSTEM32\DWrite.dll
[0625/094011.357:ERROR:process_memory_win.cc(73)] ReadMemory at 0x7fff73d10000 of 64 bytes failed: Only part of a ReadProcessMemory or WriteProcessMemory request was completed. (0x12B)
[0625/094011.357:WARNING:pe_image_reader.cc(340)] could not read dos header from C:\WINDOWS\SYSTEM32\WINSPOOL.DRV
[0625/094011.357:ERROR:process_memory_win.cc(73)] ReadMemory at 0x7fff83160000 of 64 bytes failed: Only part of a ReadProcessMemory or WriteProcessMemory request was completed. (0x12B)
[0625/094011.357:WARNING:pe_image_reader.cc(340)] could not read dos header from C:\WINDOWS\System32\kernel.appcore.dll
[0625/094011.357:ERROR:process_memory_win.cc(73)] ReadMemory at 0x7fff83690000 of 64 bytes failed: Only part of a ReadProcessMemory or WriteProcessMemory request was completed. (0x12B)
[0625/094011.357:WARNING:pe_image_reader.cc(340)] could not read dos header from C:\WINDOWS\System32\bcrypt.dll
[0625/094011.357:ERROR:process_memory_win.cc(73)] ReadMemory at 0x7fff81a00000 of 64 bytes failed: Only part of a ReadProcessMemory or WriteProcessMemory request was completed. (0x12B)
[0625/094011.357:WARNING:pe_image_reader.cc(340)] could not read dos header from C:\WINDOWS\SYSTEM32\dbghelp.dll
[0625/094011.357:ERROR:process_memory_win.cc(73)] ReadMemory at 0x7fff74200000 of 64 bytes failed: Only part of a ReadProcessMemory or WriteProcessMemory request was completed. (0x12B)
[0625/094011.357:WARNING:pe_image_reader.cc(340)] could not read dos header from C:\WINDOWS\SYSTEM32\WINHTTP.dll
[0625/094011.357:ERROR:process_memory_win.cc(73)] ReadMemory at 0x7fff78a30000 of 64 bytes failed: Only part of a ReadProcessMemory or WriteProcessMemory request was completed. (0x12B)
[0625/094011.357:WARNING:pe_image_reader.cc(340)] could not read dos header from C:\WINDOWS\SYSTEM32\dhcpcsvc.DLL
[0625/094011.357:ERROR:process_memory_win.cc(73)] ReadMemory at 0x7fff852e0000 of 64 bytes failed: Only part of a ReadProcessMemory or WriteProcessMemory request was completed. (0x12B)
[0625/094011.357:WARNING:pe_image_reader.cc(340)] could not read dos header from C:\WINDOWS\System32\NSI.dll
[0625/094011.357:ERROR:process_memory_win.cc(73)] ReadMemory at 0x7fff80070000 of 64 bytes failed: Only part of a ReadProcessMemory or WriteProcessMemory request was completed. (0x12B)
[0625/094011.357:WARNING:pe_image_reader.cc(340)] could not read dos header from C:\WINDOWS\SYSTEM32\WINMMBASE.dll
[0625/094011.357:ERROR:process_memory_win.cc(73)] ReadMemory at 0x7fff836c0000 of 64 bytes failed: Only part of a ReadProcessMemory or WriteProcessMemory request was completed. (0x12B)
[0625/094011.357:WARNING:pe_image_reader.cc(340)] could not read dos header from C:\WINDOWS\System32\cfgmgr32.dll
[0625/094011.357:ERROR:process_memory_win.cc(73)] ReadMemory at 0x7fff7f3e0000 of 64 bytes failed: Only part of a ReadProcessMemory or WriteProcessMemory request was completed. (0x12B)
[0625/094011.357:WARNING:pe_image_reader.cc(340)] could not read dos header from C:\WINDOWS\SYSTEM32\PROPSYS.dll
[0625/094011.357:ERROR:process_memory_win.cc(73)] ReadMemory at 0x7fff85080000 of 64 bytes failed: Only part of a ReadProcessMemory or WriteProcessMemory request was completed. (0x12B)
[0625/094011.357:WARNING:pe_image_reader.cc(340)] could not read dos header from C:\WINDOWS\System32\shcore.dll
[0625/094011.357:ERROR:process_memory_win.cc(73)] ReadMemory at 0x7fff83010000 of 64 bytes failed: Only part of a ReadProcessMemory or WriteProcessMemory request was completed. (0x12B)
[0625/094011.357:WARNING:pe_image_reader.cc(340)] could not read dos header from C:\WINDOWS\SYSTEM32\SSPICLI.DLL
[0625/094011.361:ERROR:process_memory_win.cc(73)] ReadMemory at 0x7fff82b60000 of 64 bytes failed: Only part of a ReadProcessMemory or WriteProcessMemory request was completed. (0x12B)
[0625/094011.361:WARNING:pe_image_reader.cc(340)] could not read dos header from C:\WINDOWS\SYSTEM32\CRYPTBASE.DLL
[0625/094011.361:ERROR:process_memory_win.cc(73)] ReadMemory at 0x7ff7cae60000 of 64 bytes failed: Only part of a ReadProcessMemory or WriteProcessMemory request was completed. (0x12B)
[0625/094011.361:WARNING:pe_image_reader.cc(340)] could not read dos header from C:\Program Files (x86)\Google\Chrome\Application\chrome.exe
[0625/094011.361:ERROR:process_memory_win.cc(73)] ReadMemory at 0x7fff86260000 of 64 bytes failed: Only part of a ReadProcessMemory or WriteProcessMemory request was completed. (0x12B)
[0625/094011.361:WARNING:pe_image_reader.cc(340)] could not read dos header from C:\WINDOWS\SYSTEM32\ntdll.dll
[0625/094011.361:ERROR:process_memory_win.cc(73)] ReadMemory at 0x7fff857a0000 of 64 bytes failed: Only part of a ReadProcessMemory or WriteProcessMemory request was completed. (0x12B)
[0625/094011.361:WARNING:pe_image_reader.cc(340)] could not read dos header from C:\WINDOWS\System32\KERNEL32.DLL
[0625/094011.361:ERROR:process_memory_win.cc(73)] ReadMemory at 0x7fff833e0000 of 64 bytes failed: Only part of a ReadProcessMemory or WriteProcessMemory request was completed. (0x12B)
[0625/094011.361:WARNING:pe_image_reader.cc(340)] could not read dos header from C:\WINDOWS\System32\KERNELBASE.dll
[0625/094011.361:ERROR:process_memory_win.cc(73)] ReadMemory at 0x7fff488b0000 of 64 bytes failed: Only part of a ReadProcessMemory or WriteProcessMemory request was completed. (0x12B)
[0625/094011.361:WARNING:pe_image_reader.cc(340)] could not read dos header from C:\Program Files (x86)\Google\Chrome\Application\83.0.4103.116\chrome_elf.dll
[0625/094011.361:ERROR:process_memory_win.cc(73)] ReadMemory at 0x7fff78810000 of 64 bytes failed: Only part of a ReadProcessMemory or WriteProcessMemory request was completed. (0x12B)
[0625/094011.361:WARNING:pe_image_reader.cc(340)] could not read dos header from C:\WINDOWS\SYSTEM32\VERSION.dll
[0625/094011.361:ERROR:process_memory_win.cc(73)] ReadMemory at 0x7fff854a0000 of 64 bytes failed: Only part of a ReadProcessMemory or WriteProcessMemory request was completed. (0x12B)
[0625/094011.361:WARNING:pe_image_reader.cc(340)] could not read dos header from C:\WINDOWS\System32\msvcrt.dll
[0625/094011.361:ERROR:process_memory_win.cc(73)] ReadMemory at 0x7fff83210000 of 64 bytes failed: Only part of a ReadProcessMemory or WriteProcessMemory request was completed. (0x12B)
[0625/094011.361:WARNING:pe_image_reader.cc(340)] could not read dos header from C:\WINDOWS\System32\bcryptPrimitives.dll
[0625/094011.361:ERROR:process_memory_win.cc(73)] ReadMemory at 0x7fff84fd0000 of 64 bytes failed: Only part of a ReadProcessMemory or WriteProcessMemory request was completed. (0x12B)
[0625/094011.361:WARNING:pe_image_reader.cc(340)] could not read dos header from C:\WINDOWS\System32\ADVAPI32.dll
[0625/094011.361:ERROR:process_memory_win.cc(73)] ReadMemory at 0x7fff84b20000 of 64 bytes failed: Only part of a ReadProcessMemory or WriteProcessMemory request was completed. (0x12B)
[0625/094011.361:WARNING:pe_image_reader.cc(340)] could not read dos header from C:\WINDOWS\System32\sechost.dll
[0625/094011.361:ERROR:process_memory_win.cc(73)] ReadMemory at 0x7fff84bc0000 of 64 bytes failed: Only part of a ReadProcessMemory or WriteProcessMemory request was completed. (0x12B)
[0625/094011.361:WARNING:pe_image_reader.cc(340)] could not read dos header from C:\WINDOWS\System32\RPCRT4.dll
[0625/094011.361:ERROR:process_memory_win.cc(73)] ReadMemory at 0x7fff31390000 of 64 bytes failed: Only part of a ReadProcessMemory or WriteProcessMemory request was completed. (0x12B)
[0625/094011.361:WARNING:pe_image_reader.cc(340)] could not read dos header from C:\Program Files (x86)\Google\Chrome\Application\83.0.4103.116\chrome.dll
[0625/094011.361:ERROR:process_memory_win.cc(73)] ReadMemory at 0x7fff85430000 of 64 bytes failed: Only part of a ReadProcessMemory or WriteProcessMemory request was completed. (0x12B)
[0625/094011.361:WARNING:pe_image_reader.cc(340)] could not read dos header from C:\WINDOWS\System32\WS2_32.dll
[0625/094011.361:ERROR:process_memory_win.cc(73)] ReadMemory at 0x7fff84ef0000 of 64 bytes failed: Only part of a ReadProcessMemory or WriteProcessMemory request was completed. (0x12B)
[0625/094011.361:WARNING:pe_image_reader.cc(340)] could not read dos header from C:\WINDOWS\System32\OLEAUT32.dll
[0625/094011.361:ERROR:process_memory_win.cc(73)] ReadMemory at 0x7fff84270000 of 64 bytes failed: Only part of a ReadProcessMemory or WriteProcessMemory request was completed. (0x12B)
[0625/094011.361:WARNING:pe_image_reader.cc(340)] could not read dos header from C:\WINDOWS\System32\msvcp_win.dll
[0625/094011.361:ERROR:process_memory_win.cc(73)] ReadMemory at 0x7fff84170000 of 64 bytes failed: Only part of a ReadProcessMemory or WriteProcessMemory request was completed. (0x12B)
[0625/094011.361:WARNING:pe_image_reader.cc(340)] could not read dos header from C:\WINDOWS\System32\ucrtbase.dll
[0625/094011.361:ERROR:process_memory_win.cc(73)] ReadMemory at 0x7fff84780000 of 64 bytes failed: Only part of a ReadProcessMemory or WriteProcessMemory request was completed. (0x12B)
[0625/094011.361:WARNING:pe_image_reader.cc(340)] could not read dos header from C:\WINDOWS\System32\combase.dll
[0625/094011.361:ERROR:process_memory_win.cc(73)] ReadMemory at 0x7fff840e0000 of 64 bytes failed: Only part of a ReadProcessMemory or WriteProcessMemory request was completed. (0x12B)
[0625/094011.361:WARNING:pe_image_reader.cc(340)] could not read dos header from C:\WINDOWS\System32\WINTRUST.dll
[0625/094011.361:ERROR:process_memory_win.cc(73)] ReadMemory at 0x7fff83180000 of 64 bytes failed: Only part of a ReadProcessMemory or WriteProcessMemory request was completed. (0x12B)
[0625/094011.361:WARNING:pe_image_reader.cc(340)] could not read dos header from C:\WINDOWS\System32\MSASN1.dll
[0625/094011.361:ERROR:process_memory_win.cc(73)] ReadMemory at 0x7fff83290000 of 64 bytes failed: Only part of a ReadProcessMemory or WriteProcessMemory request was completed. (0x12B)
[0625/094011.361:WARNING:pe_image_reader.cc(340)] could not read dos header from C:\WINDOWS\System32\CRYPT32.dll
[0625/094011.361:ERROR:process_memory_win.cc(73)] ReadMemory at 0x7fff826a0000 of 64 bytes failed: Only part of a ReadProcessMemory or WriteProcessMemory request was completed. (0x12B)
[0625/094011.361:WARNING:pe_image_reader.cc(340)] could not read dos header from C:\WINDOWS\SYSTEM32\IPHLPAPI.DLL
[0625/094011.361:ERROR:process_memory_win.cc(73)] ReadMemory at 0x7fff80500000 of 64 bytes failed: Only part of a ReadProcessMemory or WriteProcessMemory request was completed. (0x12B)
[0625/094011.361:WARNING:pe_image_reader.cc(340)] could not read dos header from C:\WINDOWS\SYSTEM32\WINMM.dll
[0625/094011.361:ERROR:process_memory_win.cc(73)] ReadMemory at 0x7fff6fe20000 of 64 bytes failed: Only part of a ReadProcessMemory or WriteProcessMemory request was completed. (0x12B)
[0625/094011.361:WARNING:pe_image_reader.cc(340)] could not read dos header from C:\WINDOWS\SYSTEM32\Secur32.dll
[0625/094011.361:ERROR:process_memory_win.cc(73)] ReadMemory at 0x7fff83040000 of 64 bytes failed: Only part of a ReadProcessMemory or WriteProcessMemory request was completed. (0x12B)
[0625/094011.361:WARNING:pe_image_reader.cc(340)] could not read dos header from C:\WINDOWS\SYSTEM32\USERENV.dll
[0625/094011.361:ERROR:process_memory_win.cc(73)] ReadMemory at 0x7fff83130000 of 64 bytes failed: Only part of a ReadProcessMemory or WriteProcessMemory request was completed. (0x12B)
[0625/094011.361:WARNING:pe_image_reader.cc(340)] could not read dos header from C:\WINDOWS\System32\profapi.dll
[0625/094011.361:ERROR:process_memory_win.cc(73)] ReadMemory at 0x7fff7a700000 of 64 bytes failed: Only part of a ReadProcessMemory or WriteProcessMemory request was completed. (0x12B)
[0625/094011.361:WARNING:pe_image_reader.cc(340)] could not read dos header from C:\WINDOWS\SYSTEM32\UIAutomationCore.DLL
[0625/094011.361:ERROR:process_memory_win.cc(73)] ReadMemory at 0x7fff754f0000 of 64 bytes failed: Only part of a ReadProcessMemory or WriteProcessMemory request was completed. (0x12B)
[0625/094011.361:WARNING:pe_image_reader.cc(340)] could not read dos header from C:\WINDOWS\SYSTEM32\DWrite.dll
[0625/094011.361:ERROR:process_memory_win.cc(73)] ReadMemory at 0x7fff73d10000 of 64 bytes failed: Only part of a ReadProcessMemory or WriteProcessMemory request was completed. (0x12B)
[0625/094011.361:WARNING:pe_image_reader.cc(340)] could not read dos header from C:\WINDOWS\SYSTEM32\WINSPOOL.DRV
[0625/094011.361:ERROR:process_memory_win.cc(73)] ReadMemory at 0x7fff83160000 of 64 bytes failed: Only part of a ReadProcessMemory or WriteProcessMemory request was completed. (0x12B)
[0625/094011.361:WARNING:pe_image_reader.cc(340)] could not read dos header from C:\WINDOWS\System32\kernel.appcore.dll
[0625/094011.361:ERROR:process_memory_win.cc(73)] ReadMemory at 0x7fff83690000 of 64 bytes failed: Only part of a ReadProcessMemory or WriteProcessMemory request was completed. (0x12B)
[0625/094011.361:WARNING:pe_image_reader.cc(340)] could not read dos header from C:\WINDOWS\System32\bcrypt.dll
[0625/094011.361:ERROR:process_memory_win.cc(73)] ReadMemory at 0x7fff81a00000 of 64 bytes failed: Only part of a ReadProcessMemory or WriteProcessMemory request was completed. (0x12B)
[0625/094011.361:WARNING:pe_image_reader.cc(340)] could not read dos header from C:\WINDOWS\SYSTEM32\dbghelp.dll
[0625/094011.361:ERROR:process_memory_win.cc(73)] ReadMemory at 0x7fff74200000 of 64 bytes failed: Only part of a ReadProcessMemory or WriteProcessMemory request was completed. (0x12B)
[0625/094011.361:WARNING:pe_image_reader.cc(340)] could not read dos header from C:\WINDOWS\SYSTEM32\WINHTTP.dll
[0625/094011.361:ERROR:process_memory_win.cc(73)] ReadMemory at 0x7fff78a30000 of 64 bytes failed: Only part of a ReadProcessMemory or WriteProcessMemory request was completed. (0x12B)
[0625/094011.361:WARNING:pe_image_reader.cc(340)] could not read dos header from C:\WINDOWS\SYSTEM32\dhcpcsvc.DLL
[0625/094011.361:ERROR:process_memory_win.cc(73)] ReadMemory at 0x7fff852e0000 of 64 bytes failed: Only part of a ReadProcessMemory or WriteProcessMemory request was completed. (0x12B)
[0625/094011.361:WARNING:pe_image_reader.cc(340)] could not read dos header from C:\WINDOWS\System32\NSI.dll
[0625/094011.361:ERROR:process_memory_win.cc(73)] ReadMemory at 0x7fff80070000 of 64 bytes failed: Only part of a ReadProcessMemory or WriteProcessMemory request was completed. (0x12B)
[0625/094011.361:WARNING:pe_image_reader.cc(340)] could not read dos header from C:\WINDOWS\SYSTEM32\WINMMBASE.dll
[0625/094011.361:ERROR:process_memory_win.cc(73)] ReadMemory at 0x7fff836c0000 of 64 bytes failed: Only part of a ReadProcessMemory or WriteProcessMemory request was completed. (0x12B)
[0625/094011.361:WARNING:pe_image_reader.cc(340)] could not read dos header from C:\WINDOWS\System32\cfgmgr32.dll
[0625/094011.361:ERROR:process_memory_win.cc(73)] ReadMemory at 0x7fff7f3e0000 of 64 bytes failed: Only part of a ReadProcessMemory or WriteProcessMemory request was completed. (0x12B)
[0625/094011.361:WARNING:pe_image_reader.cc(340)] could not read dos header from C:\WINDOWS\SYSTEM32\PROPSYS.dll
[0625/094011.361:ERROR:process_memory_win.cc(73)] ReadMemory at 0x7fff85080000 of 64 bytes failed: Only part of a ReadProcessMemory or WriteProcessMemory request was completed. (0x12B)
[0625/094011.361:WARNING:pe_image_reader.cc(340)] could not read dos header from C:\WINDOWS\System32\shcore.dll
[0625/094011.361:ERROR:process_memory_win.cc(73)] ReadMemory at 0x7fff83010000 of 64 bytes failed: Only part of a ReadProcessMemory or WriteProcessMemory request was completed. (0x12B)
[0625/094011.361:WARNING:pe_image_reader.cc(340)] could not read dos header from C:\WINDOWS\SYSTEM32\SSPICLI.DLL
[0625/094011.361:ERROR:process_memory_win.cc(73)] ReadMemory at 0x7fff82b60000 of 64 bytes failed: Only part of a ReadProcessMemory or WriteProcessMemory request was completed. (0x12B)
[0625/094011.361:WARNING:pe_image_reader.cc(340)] could not read dos header from C:\WINDOWS\SYSTEM32\CRYPTBASE.DLL
[0625/094011.397:ERROR:process_memory_win.cc(73)] ReadMemory at 0x4b59bf4000 of 49152 bytes failed: Only part of a ReadProcessMemory or WriteProcessMemory request was completed. (0x12B)
[0625/094011.397:ERROR:process_memory_win.cc(73)] ReadMemory at 0x4b5a3fd000 of 12288 bytes failed: Only part of a ReadProcessMemory or WriteProcessMemory request was completed. (0x12B)
[0625/094011.397:ERROR:process_memory_win.cc(73)] ReadMemory at 0x4b5abf6000 of 40960 bytes failed: Only part of a ReadProcessMemory or WriteProcessMemory request was completed. (0x12B)
[0625/094011.397:ERROR:process_memory_win.cc(73)] ReadMemory at 0x4b5b3fc000 of 16384 bytes failed: Only part of a ReadProcessMemory or WriteProcessMemory request was completed. (0x12B)
[0625/094011.397:ERROR:process_memory_win.cc(73)] ReadMemory at 0x4b5bbfc000 of 16384 bytes failed: Only part of a ReadProcessMemory or WriteProcessMemory request was completed. (0x12B)
[0625/094011.401:ERROR:process_memory_win.cc(73)] ReadMemory at 0x4b5c3ff000 of 4096 bytes failed: Only part of a ReadProcessMemory or WriteProcessMemory request was completed. (0x12B)
[0625/094011.401:ERROR:process_memory_win.cc(73)] ReadMemory at 0x4b5cbfd000 of 12288 bytes failed: Only part of a ReadProcessMemory or WriteProcessMemory request was completed. (0x12B)
[0625/094011.401:ERROR:process_memory_win.cc(73)] ReadMemory at 0x4b5d3fb000 of 20480 bytes failed: Only part of a ReadProcessMemory or WriteProcessMemory request was completed. (0x12B)
[0625/094011.401:ERROR:process_memory_win.cc(73)] ReadMemory at 0x4b5e3fd000 of 12288 bytes failed: Only part of a ReadProcessMemory or WriteProcessMemory request was completed. (0x12B)
[0625/094011.401:ERROR:process_memory_win.cc(73)] ReadMemory at 0x4b5ebfd000 of 12288 bytes failed: Only part of a ReadProcessMemory or WriteProcessMemory request was completed. (0x12B)
[0625/094011.401:ERROR:process_memory_win.cc(73)] ReadMemory at 0x4b5f3fd000 of 12288 bytes failed: Only part of a ReadProcessMemory or WriteProcessMemory request was completed. (0x12B)
[0625/094011.401:ERROR:process_memory_win.cc(73)] ReadMemory at 0x4b5fbfd000 of 12288 bytes failed: Only part of a ReadProcessMemory or WriteProcessMemory request was completed. (0x12B)
[0625/094011.401:ERROR:process_memory_win.cc(73)] ReadMemory at 0x4b5dbfd000 of 12288 bytes failed: Only part of a ReadProcessMemory or WriteProcessMemory request was completed. (0x12B)
[0625/094011.401:ERROR:process_memory_win.cc(73)] ReadMemory at 0x4b603fd000 of 12288 bytes failed: Only part of a ReadProcessMemory or WriteProcessMemory request was completed. (0x12B)
[0625/094011.401:ERROR:process_memory_win.cc(73)] ReadMemory at 0x4b60bff000 of 4096 bytes failed: Only part of a ReadProcessMemory or WriteProcessMemory request was completed. (0x12B)
[0625/094011.401:ERROR:process_memory_win.cc(73)] ReadMemory at 0x4b59212000 of 852 bytes failed: Only part of a ReadProcessMemory or WriteProcessMemory request was completed. (0x12B)
[0625/094011.401:ERROR:process_memory_win.cc(73)] ReadMemory at 0x4b59213000 of 6024 bytes failed: Only part of a ReadProcessMemory or WriteProcessMemory request was completed. (0x12B)
[0625/094011.401:ERROR:process_memory_win.cc(73)] ReadMemory at 0x4b59215000 of 6024 bytes failed: Only part of a ReadProcessMemory or WriteProcessMemory request was completed. (0x12B)
[0625/094011.401:ERROR:process_memory_win.cc(73)] ReadMemory at 0x4b59217000 of 6024 bytes failed: Only part of a ReadProcessMemory or WriteProcessMemory request was completed. (0x12B)
[0625/094011.401:ERROR:process_memory_win.cc(73)] ReadMemory at 0x4b59219000 of 6024 bytes failed: Only part of a ReadProcessMemory or WriteProcessMemory request was completed. (0x12B)
[0625/094011.401:ERROR:process_memory_win.cc(73)] ReadMemory at 0x4b5921b000 of 6024 bytes failed: Only part of a ReadProcessMemory or WriteProcessMemory request was completed. (0x12B)
[0625/094011.401:ERROR:process_memory_win.cc(73)] ReadMemory at 0x4b5921d000 of 6024 bytes failed: Only part of a ReadProcessMemory or WriteProcessMemory request was completed. (0x12B)
[0625/094011.401:ERROR:process_memory_win.cc(73)] ReadMemory at 0x4b5921f000 of 6024 bytes failed: Only part of a ReadProcessMemory or WriteProcessMemory request was completed. (0x12B)
[0625/094011.401:ERROR:process_memory_win.cc(73)] ReadMemory at 0x4b59221000 of 6024 bytes failed: Only part of a ReadProcessMemory or WriteProcessMemory request was completed. (0x12B)
[0625/094011.401:ERROR:process_memory_win.cc(73)] ReadMemory at 0x4b59225000 of 6024 bytes failed: Only part of a ReadProcessMemory or WriteProcessMemory request was completed. (0x12B)
[0625/094011.401:ERROR:process_memory_win.cc(73)] ReadMemory at 0x4b59227000 of 6024 bytes failed: Only part of a ReadProcessMemory or WriteProcessMemory request was completed. (0x12B)
[0625/094011.401:ERROR:process_memory_win.cc(73)] ReadMemory at 0x4b59229000 of 6024 bytes failed: Only part of a ReadProcessMemory or WriteProcessMemory request was completed. (0x12B)
[0625/094011.401:ERROR:process_memory_win.cc(73)] ReadMemory at 0x4b5922b000 of 6024 bytes failed: Only part of a ReadProcessMemory or WriteProcessMemory request was completed. (0x12B)
[0625/094011.401:ERROR:process_memory_win.cc(73)] ReadMemory at 0x4b59233000 of 6024 bytes failed: Only part of a ReadProcessMemory or WriteProcessMemory request was completed. (0x12B)
[0625/094011.401:ERROR:process_memory_win.cc(73)] ReadMemory at 0x4b59235000 of 6024 bytes failed: Only part of a ReadProcessMemory or WriteProcessMemory request was completed. (0x12B)
[0625/094011.405:ERROR:process_memory_win.cc(73)] ReadMemory at 0x4b59237000 of 6024 bytes failed: Only part of a ReadProcessMemory or WriteProcessMemory request was completed. (0x12B)
[0625/094011.405:ERROR:process_memory_win.cc(73)] ReadMemory at 0x1d66de30750 of 80 bytes failed: Only part of a ReadProcessMemory or WriteProcessMemory request was completed. (0x12B)
[0625/094011.405:ERROR:process_memory_win.cc(73)] ReadMemory at 0x1d66de30fe0 of 18362 bytes failed: Only part of a ReadProcessMemory or WriteProcessMemory request was completed. (0x12B)
[0625/094011.405:ERROR:process_memory_win.cc(73)] ReadMemory at 0x1d66de357b0 of 1012 bytes failed: Only part of a ReadProcessMemory or WriteProcessMemory request was completed. (0x12B)
[0625/094011.405:ERROR:process_memory_win.cc(73)] ReadMemory at 0x1d66de35df8 of 118 bytes failed: Only part of a ReadProcessMemory or WriteProcessMemory request was completed. (0x12B)
[0625/094011.405:ERROR:process_memory_win.cc(73)] ReadMemory at 0x1d66de35e70 of 754 bytes failed: Only part of a ReadProcessMemory or WriteProcessMemory request was completed. (0x12B)
[0625/094012.097:ERROR:process_memory_win.cc(73)] ReadMemory at 0x1d66de36164 of 118 bytes failed: Only part of a ReadProcessMemory or WriteProcessMemory request was completed. (0x12B)
[0625/094012.097:ERROR:process_memory_win.cc(73)] ReadMemory at 0x1d66de361dc of 96 bytes failed: Only part of a ReadProcessMemory or WriteProcessMemory request was completed. (0x12B)
[0625/094012.313:ERROR:process_memory_win.cc(73)] ReadMemory at 0x1d66de36250 of 58 bytes failed: Only part of a ReadProcessMemory or WriteProcessMemory request was completed. (0x12B)
[0625/094012.377:ERROR:process_memory_win.cc(73)] ReadMemory at 0x1d66de36350 of 132 bytes failed: Only part of a ReadProcessMemory or WriteProcessMemory request was completed. (0x12B)
[0625/094012.417:ERROR:process_memory_win.cc(73)] ReadMemory at 0x1d66de364e0 of 132 bytes failed: Only part of a ReadProcessMemory or WriteProcessMemory request was completed. (0x12B)
[0625/094012.485:ERROR:process_memory_win.cc(73)] ReadMemory at 0x1d66de366a0 of 126 bytes failed: Only part of a ReadProcessMemory or WriteProcessMemory request was completed. (0x12B)
[0625/094012.489:ERROR:process_memory_win.cc(73)] ReadMemory at 0x1d66de36a80 of 132 bytes failed: Only part of a ReadProcessMemory or WriteProcessMemory request was completed. (0x12B)
[0625/094012.653:ERROR:process_memory_win.cc(73)] ReadMemory at 0x1d66de36c10 of 64 bytes failed: Only part of a ReadProcessMemory or WriteProcessMemory request was completed. (0x12B)
[0625/094012.653:ERROR:process_memory_win.cc(73)] ReadMemory at 0x1d66de36c60 of 132 bytes failed: Only part of a ReadProcessMemory or WriteProcessMemory request was completed. (0x12B)
[0625/094012.778:ERROR:process_memory_win.cc(73)] ReadMemory at 0x1d66de36dd0 of 132 bytes failed: Only part of a ReadProcessMemory or WriteProcessMemory request was completed. (0x12B)
[0625/094012.778:ERROR:process_memory_win.cc(73)] ReadMemory at 0x1d66de37070 of 132 bytes failed: Only part of a ReadProcessMemory or WriteProcessMemory request was completed. (0x12B)
[0625/094012.790:ERROR:process_memory_win.cc(73)] ReadMemory at 0x1d66de37200 of 68 bytes failed: Only part of a ReadProcessMemory or WriteProcessMemory request was completed. (0x12B)
[0625/094012.790:ERROR:process_memory_win.cc(73)] ReadMemory at 0x1d66de382d0 of 132 bytes failed: Only part of a ReadProcessMemory or WriteProcessMemory request was completed. (0x12B)
[0625/094013.094:ERROR:process_memory_win.cc(73)] ReadMemory at 0x1d66de38460 of 154 bytes failed: Only part of a ReadProcessMemory or WriteProcessMemory request was completed. (0x12B)
[0625/094013.481:ERROR:process_memory_win.cc(73)] ReadMemory at 0x1d66de3a830 of 62 bytes failed: Only part of a ReadProcessMemory or WriteProcessMemory request was completed. (0x12B)
[0625/094013.505:ERROR:process_memory_win.cc(73)] ReadMemory at 0x1d66de3a8b0 of 146 bytes failed: Only part of a ReadProcessMemory or WriteProcessMemory request was completed. (0x12B)
[0625/094013.505:ERROR:process_memory_win.cc(73)] ReadMemory at 0x1d66de3a990 of 132 bytes failed: Only part of a ReadProcessMemory or WriteProcessMemory request was completed. (0x12B)
[0625/094013.505:ERROR:process_memory_win.cc(73)] ReadMemory at 0x1d66de3ab20 of 60 bytes failed: Only part of a ReadProcessMemory or WriteProcessMemory request was completed. (0x12B)
[0625/094013.505:ERROR:process_memory_win.cc(73)] ReadMemory at 0x1d66de3b050 of 132 bytes failed: Only part of a ReadProcessMemory or WriteProcessMemory request was completed. (0x12B)
[0625/094013.505:ERROR:process_memory_win.cc(73)] ReadMemory at 0x1d66de3b270 of 132 bytes failed: Only part of a ReadProcessMemory or WriteProcessMemory request was completed. (0x12B)
[0625/094013.505:ERROR:process_memory_win.cc(73)] ReadMemory at 0x1d66de3b490 of 132 bytes failed: Only part of a ReadProcessMemory or WriteProcessMemory request was completed. (0x12B)
[0625/094013.505:ERROR:process_memory_win.cc(73)] ReadMemory at 0x1d66de3b7f0 of 132 bytes failed: Only part of a ReadProcessMemory or WriteProcessMemory request was completed. (0x12B)
[0625/094013.505:ERROR:process_memory_win.cc(73)] ReadMemory at 0x1d66de3ba00 of 132 bytes failed: Only part of a ReadProcessMemory or WriteProcessMemory request was completed. (0x12B)
[0625/094013.509:ERROR:process_memory_win.cc(73)] ReadMemory at 0x1d66de3bde0 of 132 bytes failed: Only part of a ReadProcessMemory or WriteProcessMemory request was completed. (0x12B)
[0625/094013.525:ERROR:process_memory_win.cc(73)] ReadMemory at 0x1d66de3ece0 of 64 bytes failed: Only part of a ReadProcessMemory or WriteProcessMemory request was completed. (0x12B)
[0625/094013.529:ERROR:process_memory_win.cc(73)] ReadMemory at 0x1d66de3ed30 of 62 bytes failed: Only part of a ReadProcessMemory or WriteProcessMemory request was completed. (0x12B)
[0625/094013.529:ERROR:process_memory_win.cc(73)] ReadMemory at 0x1d66de3ef10 of 66 bytes failed: Only part of a ReadProcessMemory or WriteProcessMemory request was completed. (0x12B)
[0625/094013.529:ERROR:process_memory_win.cc(73)] ReadMemory at 0x1d66de3ef60 of 64 bytes failed: Only part of a ReadProcessMemory or WriteProcessMemory request was completed. (0x12B)
[0625/094013.529:ERROR:process_memory_win.cc(73)] ReadMemory at 0x1d66de3f050 of 64 bytes failed: Only part of a ReadProcessMemory or WriteProcessMemory request was completed. (0x12B)
[0625/094013.529:ERROR:process_memory_win.cc(73)] ReadMemory at 0x1d66de3f140 of 60 bytes failed: Only part of a ReadProcessMemory or WriteProcessMemory request was completed. (0x12B)
[0625/094013.529:ERROR:process_memory_win.cc(73)] ReadMemory at 0x1d66de3f280 of 62 bytes failed: Only part of a ReadProcessMemory or WriteProcessMemory request was completed. (0x12B)
[0625/094013.697:ERROR:process_memory_win.cc(73)] ReadMemory at 0x1d66de3f2d0 of 60 bytes failed: Only part of a ReadProcessMemory or WriteProcessMemory request was completed. (0x12B)
[0625/094014.044:ERROR:process_memory_win.cc(73)] ReadMemory at 0x1d66de3f320 of 64 bytes failed: Only part of a ReadProcessMemory or WriteProcessMemory request was completed. (0x12B)
[0625/094014.044:ERROR:process_memory_win.cc(73)] ReadMemory at 0x1d66de44d20 of 132 bytes failed: Only part of a ReadProcessMemory or WriteProcessMemory request was completed. (0x12B)
[0625/094014.048:ERROR:process_memory_win.cc(73)] ReadMemory at 0x1d66de45590 of 54 bytes failed: Only part of a ReadProcessMemory or WriteProcessMemory request was completed. (0x12B)
[0625/094014.163:ERROR:process_memory_win.cc(73)] ReadMemory at 0x1d66de47d60 of 80 bytes failed: Only part of a ReadProcessMemory or WriteProcessMemory request was completed. (0x12B)
[0625/094014.163:ERROR:process_memory_win.cc(73)] ReadMemory at 0x1d66de48240 of 76 bytes failed: Only part of a ReadProcessMemory or WriteProcessMemory request was completed. (0x12B)
[0625/094014.163:ERROR:process_memory_win.cc(73)] ReadMemory at 0x1d66de48db0 of 132 bytes failed: Only part of a ReadProcessMemory or WriteProcessMemory request was completed. (0x12B)
[0625/094014.163:ERROR:process_memory_win.cc(73)] ReadMemory at 0x1d66de48ee0 of 132 bytes failed: Only part of a ReadProcessMemory or WriteProcessMemory request was completed. (0x12B)
[0625/094014.163:ERROR:process_memory_win.cc(73)] ReadMemory at 0x1d66de49010 of 132 bytes failed: Only part of a ReadProcessMemory or WriteProcessMemory request was completed. (0x12B)
[0625/094014.163:ERROR:process_memory_win.cc(73)] ReadMemory at 0x1d66de49140 of 132 bytes failed: Only part of a ReadProcessMemory or WriteProcessMemory request was completed. (0x12B)
[0625/094014.425:ERROR:process_memory_win.cc(73)] ReadMemory at 0x1d66de49270 of 132 bytes failed: Only part of a ReadProcessMemory or WriteProcessMemory request was completed. (0x12B)
[0625/094014.425:ERROR:process_memory_win.cc(73)] ReadMemory at 0x1d66de49d80 of 132 bytes failed: Only part of a ReadProcessMemory or WriteProcessMemory request was completed. (0x12B)
[0625/094014.505:ERROR:process_memory_win.cc(73)] ReadMemory at 0x1d66de4bc20 of 132 bytes failed: Only part of a ReadProcessMemory or WriteProcessMemory request was completed. (0x12B)
[0625/094014.877:ERROR:process_memory_win.cc(73)] ReadMemory at 0x1d66de4c0f0 of 132 bytes failed: Only part of a ReadProcessMemory or WriteProcessMemory request was completed. (0x12B)
[0625/094014.917:ERROR:process_memory_win.cc(73)] ReadMemory at 0x1d66de4c220 of 132 bytes failed: Only part of a ReadProcessMemory or WriteProcessMemory request was completed. (0x12B)
[0625/094014.917:ERROR:process_memory_win.cc(73)] ReadMemory at 0x1d66de4c480 of 132 bytes failed: Only part of a ReadProcessMemory or WriteProcessMemory request was completed. (0x12B)
[0625/094014.917:ERROR:process_memory_win.cc(73)] ReadMemory at 0x1d66de4c5b0 of 132 bytes failed: Only part of a ReadProcessMemory or WriteProcessMemory request was completed. (0x12B)
[0625/094014.917:ERROR:process_memory_win.cc(73)] ReadMemory at 0x1d66de4c6e0 of 132 bytes failed: Only part of a ReadProcessMemory or WriteProcessMemory request was completed. (0x12B)
[0625/094014.917:ERROR:process_memory_win.cc(73)] ReadMemory at 0x1d66de4c810 of 132 bytes failed: Only part of a ReadProcessMemory or WriteProcessMemory request was completed. (0x12B)
[0625/094014.917:ERROR:process_memory_win.cc(73)] ReadMemory at 0x1d66de4c940 of 132 bytes failed: Only part of a ReadProcessMemory or WriteProcessMemory request was completed. (0x12B)
[0625/094015.270:ERROR:process_memory_win.cc(73)] ReadMemory at 0x1d66de4ca70 of 132 bytes failed: Only part of a ReadProcessMemory or WriteProcessMemory request was completed. (0x12B)
[0625/094015.270:ERROR:process_memory_win.cc(73)] ReadMemory at 0x1d66de4cba0 of 132 bytes failed: Only part of a ReadProcessMemory or WriteProcessMemory request was completed. (0x12B)
[0625/094015.270:ERROR:process_memory_win.cc(73)] ReadMemory at 0x1d66de4ccd0 of 132 bytes failed: Only part of a ReadProcessMemory or WriteProcessMemory request was completed. (0x12B)
[0625/094015.270:ERROR:process_memory_win.cc(73)] ReadMemory at 0x1d66de4cf30 of 132 bytes failed: Only part of a ReadProcessMemory or WriteProcessMemory request was completed. (0x12B)
[0625/094015.707:ERROR:process_memory_win.cc(73)] ReadMemory at 0x1d66de4d060 of 132 bytes failed: Only part of a ReadProcessMemory or WriteProcessMemory request was completed. (0x12B)
[0625/094015.708:ERROR:process_memory_win.cc(73)] ReadMemory at 0x1d66de4d650 of 132 bytes failed: Only part of a ReadProcessMemory or WriteProcessMemory request was completed. (0x12B)
[0625/094015.708:ERROR:process_memory_win.cc(73)] ReadMemory at 0x1d66de4d780 of 132 bytes failed: Only part of a ReadProcessMemory or WriteProcessMemory request was completed. (0x12B)
[0625/094015.708:ERROR:process_memory_win.cc(73)] ReadMemory at 0x1d66de4d8b0 of 132 bytes failed: Only part of a ReadProcessMemory or WriteProcessMemory request was completed. (0x12B)
[0625/094015.708:ERROR:process_memory_win.cc(73)] ReadMemory at 0x1d66de4db10 of 132 bytes failed: Only part of a ReadProcessMemory or WriteProcessMemory request was completed. (0x12B)
[0625/094015.708:ERROR:process_memory_win.cc(73)] ReadMemory at 0x1d66de4dc40 of 132 bytes failed: Only part of a ReadProcessMemory or WriteProcessMemory request was completed. (0x12B)
[0625/094015.708:ERROR:process_memory_win.cc(73)] ReadMemory at 0x1d66de4dfd0 of 62 bytes failed: Only part of a ReadProcessMemory or WriteProcessMemory request was completed. (0x12B)
[0625/094015.708:ERROR:process_memory_win.cc(73)] ReadMemory at 0x1d66de4e0c0 of 62 bytes failed: Only part of a ReadProcessMemory or WriteProcessMemory request was completed. (0x12B)
[0625/094015.712:ERROR:process_memory_win.cc(73)] ReadMemory at 0x1d66de4e200 of 60 bytes failed: Only part of a ReadProcessMemory or WriteProcessMemory request was completed. (0x12B)
[0625/094015.712:ERROR:process_memory_win.cc(73)] ReadMemory at 0x1d66de4e2a0 of 62 bytes failed: Only part of a ReadProcessMemory or WriteProcessMemory request was completed. (0x12B)
[0625/094015.712:ERROR:process_memory_win.cc(73)] ReadMemory at 0x1d66de4e2f0 of 62 bytes failed: Only part of a ReadProcessMemory or WriteProcessMemory request was completed. (0x12B)
[0625/094015.712:ERROR:process_memory_win.cc(73)] ReadMemory at 0x1d66de4e390 of 62 bytes failed: Only part of a ReadProcessMemory or WriteProcessMemory request was completed. (0x12B)
[0625/094016.393:ERROR:process_memory_win.cc(73)] ReadMemory at 0x1d66de4e430 of 62 bytes failed: Only part of a ReadProcessMemory or WriteProcessMemory request was completed. (0x12B)
[0625/094016.393:ERROR:process_memory_win.cc(73)] ReadMemory at 0x1d66de4e570 of 60 bytes failed: Only part of a ReadProcessMemory or WriteProcessMemory request was completed. (0x12B)
[0625/094016.393:ERROR:process_memory_win.cc(73)] ReadMemory at 0x1d66de4e700 of 64 bytes failed: Only part of a ReadProcessMemory or WriteProcessMemory request was completed. (0x12B)
[0625/094016.393:ERROR:process_memory_win.cc(73)] ReadMemory at 0x1d66de4e7f0 of 60 bytes failed: Only part of a ReadProcessMemory or WriteProcessMemory request was completed. (0x12B)
[0625/094016.393:ERROR:process_memory_win.cc(73)] ReadMemory at 0x1d66de4e9d0 of 64 bytes failed: Only part of a ReadProcessMemory or WriteProcessMemory request was completed. (0x12B)
[0625/094016.397:ERROR:process_memory_win.cc(73)] ReadMemory at 0x1d66de4eb60 of 58 bytes failed: Only part of a ReadProcessMemory or WriteProcessMemory request was completed. (0x12B)
[0625/094016.397:ERROR:process_memory_win.cc(73)] ReadMemory at 0x1d66de4ec50 of 64 bytes failed: Only part of a ReadProcessMemory or WriteProcessMemory request was completed. (0x12B)
[0625/094016.397:ERROR:process_memory_win.cc(73)] ReadMemory at 0x1d66de4ed90 of 60 bytes failed: Only part of a ReadProcessMemory or WriteProcessMemory request was completed. (0x12B)
[0625/094016.397:ERROR:process_memory_win.cc(73)] ReadMemory at 0x1d66de4ede0 of 62 bytes failed: Only part of a ReadProcessMemory or WriteProcessMemory request was completed. (0x12B)
[0625/094016.397:ERROR:process_memory_win.cc(73)] ReadMemory at 0x1d66de4ee80 of 64 bytes failed: Only part of a ReadProcessMemory or WriteProcessMemory request was completed. (0x12B)
[0625/094016.397:ERROR:process_memory_win.cc(73)] ReadMemory at 0x1d66de4eed0 of 66 bytes failed: Only part of a ReadProcessMemory or WriteProcessMemory request was completed. (0x12B)
[0625/094016.397:ERROR:process_memory_win.cc(73)] ReadMemory at 0x1d66de4ef20 of 62 bytes failed: Only part of a ReadProcessMemory or WriteProcessMemory request was completed. (0x12B)
[0625/094016.397:ERROR:process_memory_win.cc(73)] ReadMemory at 0x1d66de63ff0 of 512 bytes failed: Only part of a ReadProcessMemory or WriteProcessMemory request was completed. (0x12B)
[0625/094016.397:ERROR:process_memory_win.cc(73)] ReadMemory at 0x1d66de64da0 of 512 bytes failed: Only part of a ReadProcessMemory or WriteProcessMemory request was completed. (0x12B)
[0625/094016.397:ERROR:process_memory_win.cc(73)] ReadMemory at 0x1d66e6a9ae8 of 512 bytes failed: Only part of a ReadProcessMemory or WriteProcessMemory request was completed. (0x12B)
[0625/094016.397:ERROR:process_memory_win.cc(73)] ReadMemory at 0x1d66e6c3ef0 of 512 bytes failed: Only part of a ReadProcessMemory or WriteProcessMemory request was completed. (0x12B)
[0625/094016.397:ERROR:process_memory_win.cc(73)] ReadMemory at 0x1d66e6d3860 of 712 bytes failed: Only part of a ReadProcessMemory or WriteProcessMemory request was completed. (0x12B)
[0625/094016.397:ERROR:process_memory_win.cc(73)] ReadMemory at 0x1d66e6d91a0 of 512 bytes failed: Only part of a ReadProcessMemory or WriteProcessMemory request was completed. (0x12B)
[0625/094016.397:ERROR:process_memory_win.cc(73)] ReadMemory at 0x1d66e6f7e30 of 512 bytes failed: Only part of a ReadProcessMemory or WriteProcessMemory request was completed. (0x12B)
[0625/094016.397:ERROR:process_memory_win.cc(73)] ReadMemory at 0x1d66fcd0000 of 384 bytes failed: Only part of a ReadProcessMemory or WriteProcessMemory request was completed. (0x12B)
[0625/094016.397:ERROR:process_memory_win.cc(73)] ReadMemory at 0x1d66fcd6e00 of 512 bytes failed: Only part of a ReadProcessMemory or WriteProcessMemory request was completed. (0x12B)
[0625/094016.397:ERROR:process_memory_win.cc(73)] ReadMemory at 0x1d66fcdd0d0 of 512 bytes failed: Only part of a ReadProcessMemory or WriteProcessMemory request was completed. (0x12B)
[0625/094016.397:ERROR:process_memory_win.cc(73)] ReadMemory at 0x1d66fcdf890 of 512 bytes failed: Only part of a ReadProcessMemory or WriteProcessMemory request was completed. (0x12B)
[0625/094016.401:ERROR:process_memory_win.cc(73)] ReadMemory at 0x1d66fd5aa68 of 512 bytes failed: Only part of a ReadProcessMemory or WriteProcessMemory request was completed. (0x12B)
[0625/094016.401:ERROR:process_memory_win.cc(73)] ReadMemory at 0x1d670ac2fe0 of 512 bytes failed: Only part of a ReadProcessMemory or WriteProcessMemory request was completed. (0x12B)
[0625/094016.401:ERROR:process_memory_win.cc(73)] ReadMemory at 0x1d673d43f40 of 512 bytes failed: Only part of a ReadProcessMemory or WriteProcessMemory request was completed. (0x12B)
[0625/094016.401:ERROR:process_memory_win.cc(73)] ReadMemory at 0x423b87b01ca0 of 512 bytes failed: Only part of a ReadProcessMemory or WriteProcessMemory request was completed. (0x12B)
[0625/094016.401:ERROR:process_memory_win.cc(73)] ReadMemory at 0x5980cd530500 of 512 bytes failed: Only part of a ReadProcessMemory or WriteProcessMemory request was completed. (0x12B)
[0625/094016.401:ERROR:process_memory_win.cc(73)] ReadMemory at 0x5980cd578400 of 512 bytes failed: Only part of a ReadProcessMemory or WriteProcessMemory request was completed. (0x12B)
[0625/094016.401:ERROR:process_memory_win.cc(73)] ReadMemory at 0x6e4c5e8a1b50 of 512 bytes failed: Only part of a ReadProcessMemory or WriteProcessMemory request was completed. (0x12B)
[0625/094016.401:ERROR:process_memory_win.cc(73)] ReadMemory at 0x7fff31c0f220 of 512 bytes failed: Only part of a ReadProcessMemory or WriteProcessMemory request was completed. (0x12B)
[0625/094016.401:ERROR:process_memory_win.cc(73)] ReadMemory at 0x7fff33705166 of 512 bytes failed: Only part of a ReadProcessMemory or WriteProcessMemory request was completed. (0x12B)
[0625/094016.425:ERROR:process_memory_win.cc(73)] ReadMemory at 0x7fff488d79a5 of 512 bytes failed: Only part of a ReadProcessMemory or WriteProcessMemory request was completed. (0x12B)
[0625/094016.425:ERROR:process_memory_win.cc(73)] ReadMemory at 0x7fff488d8180 of 512 bytes failed: Only part of a ReadProcessMemory or WriteProcessMemory request was completed. (0x12B)
[0625/094016.425:ERROR:process_memory_win.cc(73)] ReadMemory at 0x7fff862fc074 of 672 bytes failed: Only part of a ReadProcessMemory or WriteProcessMemory request was completed. (0x12B)
[0625/094016.445:ERROR:process_memory_win.cc(73)] ReadMemory at 0x7fff862ff924 of 608 bytes failed: Only part of a ReadProcessMemory or WriteProcessMemory request was completed. (0x12B)
[0625/094016.445:ERROR:process_memory_win.cc(73)] ReadMemory at 0x7fff8638c428 of 18 bytes failed: Only part of a ReadProcessMemory or WriteProcessMemory request was completed. (0x12B)
[0625/094016.445:ERROR:process_memory_win.cc(73)] ReadMemory at 0x7fff863bf4f8 of 40 bytes failed: Only part of a ReadProcessMemory or WriteProcessMemory request was completed. (0x12B)
[0625/094016.445:ERROR:process_memory_win.cc(73)] ReadMemory at 0x7fff863bf978 of 48 bytes failed: Only part of a ReadProcessMemory or WriteProcessMemory request was completed. (0x12B)
[0625/094016.445:ERROR:process_memory_win.cc(73)] ReadMemory at 0x7fff863c53c0 of 64 bytes failed: Only part of a ReadProcessMemory or WriteProcessMemory request was completed. (0x12B)
[0625/094016.749:ERROR:scoped_process_suspend.cc(40)] NtResumeProcess: An attempt was made to access an exiting process. (0xc000010a)
[0625/095200.857:ERROR:process_reader_win.cc(151)] SuspendThread: Access is denied. (0x5)
[0625/095201.789:ERROR:exception_snapshot_win.cc(98)] thread ID 15944 not found in process
